[debug] [2024-01-25T23:42:45.643Z] ----------------------------------------------------------------------
[debug] [2024-01-25T23:42:45.644Z] Command:       C:\Program Files\nodejs\node.exe C:\Users\yumig\AppData\Roaming\npm\node_modules\firebase-tools\lib\bin\firebase.js deploy --only functions
[debug] [2024-01-25T23:42:45.644Z] CLI Version:   13.1.0
[debug] [2024-01-25T23:42:45.645Z] Platform:      win32
[debug] [2024-01-25T23:42:45.645Z] Node Version:  v18.12.1
[debug] [2024-01-25T23:42:45.645Z] Time:          Thu Jan 25 2024 23:42:45 GMT+0000 (Greenwich Mean Time)
[debug] [2024-01-25T23:42:45.645Z] ----------------------------------------------------------------------
[debug] 
[debug] [2024-01-25T23:42:45.699Z] > command requires scopes: ["email","openid","https://www.googleapis.com/auth/cloudplatformprojects.readonly","https://www.googleapis.com/auth/firebase","https://www.googleapis.com/auth/cloud-platform"]
[debug] [2024-01-25T23:42:45.699Z] > authorizing via signed-in user (yumigoyumi@gmail.com)
[debug] [2024-01-25T23:42:45.699Z] [iam] checking project hotel-booking-app-e61c6 for permissions ["cloudfunctions.functions.create","cloudfunctions.functions.delete","cloudfunctions.functions.get","cloudfunctions.functions.list","cloudfunctions.functions.update","cloudfunctions.operations.get","firebase.projects.get"]
[debug] [2024-01-25T23:42:45.701Z] >>> [apiv2][query] POST https://cloudresourcemanager.googleapis.com/v1/projects/hotel-booking-app-e61c6:testIamPermissions [none]
[debug] [2024-01-25T23:42:45.701Z] >>> [apiv2][(partial)header] POST https://cloudresourcemanager.googleapis.com/v1/projects/hotel-booking-app-e61c6:testIamPermissions x-goog-quota-user=projects/hotel-booking-app-e61c6
[debug] [2024-01-25T23:42:45.701Z] >>> [apiv2][body] POST https://cloudresourcemanager.googleapis.com/v1/projects/hotel-booking-app-e61c6:testIamPermissions {"permissions":["cloudfunctions.functions.create","cloudfunctions.functions.delete","cloudfunctions.functions.get","cloudfunctions.functions.list","cloudfunctions.functions.update","cloudfunctions.operations.get","firebase.projects.get"]}
[debug] [2024-01-25T23:42:45.907Z] <<< [apiv2][status] POST https://cloudresourcemanager.googleapis.com/v1/projects/hotel-booking-app-e61c6:testIamPermissions 200
[debug] [2024-01-25T23:42:45.908Z] <<< [apiv2][body] POST https://cloudresourcemanager.googleapis.com/v1/projects/hotel-booking-app-e61c6:testIamPermissions {"permissions":["cloudfunctions.functions.create","cloudfunctions.functions.delete","cloudfunctions.functions.get","cloudfunctions.functions.list","cloudfunctions.functions.update","cloudfunctions.operations.get","firebase.projects.get"]}
[debug] [2024-01-25T23:42:45.909Z] >>> [apiv2][query] POST https://iam.googleapis.com/v1/projects/hotel-booking-app-e61c6/serviceAccounts/hotel-booking-app-e61c6@appspot.gserviceaccount.com:testIamPermissions [none]
[debug] [2024-01-25T23:42:45.909Z] >>> [apiv2][body] POST https://iam.googleapis.com/v1/projects/hotel-booking-app-e61c6/serviceAccounts/hotel-booking-app-e61c6@appspot.gserviceaccount.com:testIamPermissions {"permissions":["iam.serviceAccounts.actAs"]}
[debug] [2024-01-25T23:42:46.111Z] <<< [apiv2][status] POST https://iam.googleapis.com/v1/projects/hotel-booking-app-e61c6/serviceAccounts/hotel-booking-app-e61c6@appspot.gserviceaccount.com:testIamPermissions 200
[debug] [2024-01-25T23:42:46.112Z] <<< [apiv2][body] POST https://iam.googleapis.com/v1/projects/hotel-booking-app-e61c6/serviceAccounts/hotel-booking-app-e61c6@appspot.gserviceaccount.com:testIamPermissions {"permissions":["iam.serviceAccounts.actAs"]}
[info] 
[info] === Deploying to 'hotel-booking-app-e61c6'...
[info] 
[info] i  deploying functions 
[info] Running command: npm --prefix "$RESOURCE_DIR" run lint
[info] +  functions: Finished running predeploy script. 
[debug] [2024-01-25T23:42:49.726Z] >>> [apiv2][query] GET https://firebase.googleapis.com/v1beta1/projects/hotel-booking-app-e61c6 [none]
[debug] [2024-01-25T23:42:50.059Z] <<< [apiv2][status] GET https://firebase.googleapis.com/v1beta1/projects/hotel-booking-app-e61c6 200
[debug] [2024-01-25T23:42:50.059Z] <<< [apiv2][body] GET https://firebase.googleapis.com/v1beta1/projects/hotel-booking-app-e61c6 {"projectId":"hotel-booking-app-e61c6","projectNumber":"546787576989","displayName":"Hotel Booking App","name":"projects/hotel-booking-app-e61c6","resources":{"hostingSite":"hotel-booking-app-e61c6"},"state":"ACTIVE","etag":"1_570c9445-c0e8-483a-9e82-987aa1fe65ba"}
[info] i  functions: preparing codebase default for deployment 
[info] i  functions: ensuring required API cloudfunctions.googleapis.com is enabled... 
[info] i  functions: ensuring required API cloudbuild.googleapis.com is enabled... 
[info] i  artifactregistry: ensuring required API artifactregistry.googleapis.com is enabled... 
[debug] [2024-01-25T23:42:50.062Z] >>> [apiv2][query] GET https://serviceusage.googleapis.com/v1/projects/hotel-booking-app-e61c6/services/cloudfunctions.googleapis.com [none]
[debug] [2024-01-25T23:42:50.062Z] >>> [apiv2][(partial)header] GET https://serviceusage.googleapis.com/v1/projects/hotel-booking-app-e61c6/services/cloudfunctions.googleapis.com x-goog-quota-user=projects/hotel-booking-app-e61c6
[debug] [2024-01-25T23:42:50.063Z] >>> [apiv2][query] GET https://serviceusage.googleapis.com/v1/projects/hotel-booking-app-e61c6/services/runtimeconfig.googleapis.com [none]
[debug] [2024-01-25T23:42:50.063Z] >>> [apiv2][(partial)header] GET https://serviceusage.googleapis.com/v1/projects/hotel-booking-app-e61c6/services/runtimeconfig.googleapis.com x-goog-quota-user=projects/hotel-booking-app-e61c6
[debug] [2024-01-25T23:42:50.064Z] >>> [apiv2][query] GET https://serviceusage.googleapis.com/v1/projects/hotel-booking-app-e61c6/services/cloudbuild.googleapis.com [none]
[debug] [2024-01-25T23:42:50.064Z] >>> [apiv2][(partial)header] GET https://serviceusage.googleapis.com/v1/projects/hotel-booking-app-e61c6/services/cloudbuild.googleapis.com x-goog-quota-user=projects/hotel-booking-app-e61c6
[debug] [2024-01-25T23:42:50.065Z] >>> [apiv2][query] GET https://serviceusage.googleapis.com/v1/projects/hotel-booking-app-e61c6/services/artifactregistry.googleapis.com [none]
[debug] [2024-01-25T23:42:50.065Z] >>> [apiv2][(partial)header] GET https://serviceusage.googleapis.com/v1/projects/hotel-booking-app-e61c6/services/artifactregistry.googleapis.com x-goog-quota-user=projects/hotel-booking-app-e61c6
[debug] [2024-01-25T23:42:50.928Z] <<< [apiv2][status] GET https://serviceusage.googleapis.com/v1/projects/hotel-booking-app-e61c6/services/artifactregistry.googleapis.com 200
[debug] [2024-01-25T23:42:50.928Z] <<< [apiv2][body] GET https://serviceusage.googleapis.com/v1/projects/hotel-booking-app-e61c6/services/artifactregistry.googleapis.com [omitted]
[info] +  artifactregistry: required API artifactregistry.googleapis.com is enabled 
[debug] [2024-01-25T23:42:50.930Z] <<< [apiv2][status] GET https://serviceusage.googleapis.com/v1/projects/hotel-booking-app-e61c6/services/cloudfunctions.googleapis.com 200
[debug] [2024-01-25T23:42:50.930Z] <<< [apiv2][body] GET https://serviceusage.googleapis.com/v1/projects/hotel-booking-app-e61c6/services/cloudfunctions.googleapis.com [omitted]
[info] +  functions: required API cloudfunctions.googleapis.com is enabled 
[debug] [2024-01-25T23:42:50.945Z] <<< [apiv2][status] GET https://serviceusage.googleapis.com/v1/projects/hotel-booking-app-e61c6/services/runtimeconfig.googleapis.com 200
[debug] [2024-01-25T23:42:50.946Z] <<< [apiv2][body] GET https://serviceusage.googleapis.com/v1/projects/hotel-booking-app-e61c6/services/runtimeconfig.googleapis.com [omitted]
[debug] [2024-01-25T23:42:51.053Z] <<< [apiv2][status] GET https://serviceusage.googleapis.com/v1/projects/hotel-booking-app-e61c6/services/cloudbuild.googleapis.com 200
[debug] [2024-01-25T23:42:51.054Z] <<< [apiv2][body] GET https://serviceusage.googleapis.com/v1/projects/hotel-booking-app-e61c6/services/cloudbuild.googleapis.com [omitted]
[info] +  functions: required API cloudbuild.googleapis.com is enabled 
[debug] [2024-01-25T23:42:51.055Z] >>> [apiv2][query] GET https://firebase.googleapis.com/v1beta1/projects/hotel-booking-app-e61c6/adminSdkConfig [none]
[debug] [2024-01-25T23:42:51.327Z] <<< [apiv2][status] GET https://firebase.googleapis.com/v1beta1/projects/hotel-booking-app-e61c6/adminSdkConfig 200
[debug] [2024-01-25T23:42:51.327Z] <<< [apiv2][body] GET https://firebase.googleapis.com/v1beta1/projects/hotel-booking-app-e61c6/adminSdkConfig {"projectId":"hotel-booking-app-e61c6","storageBucket":"hotel-booking-app-e61c6.appspot.com"}
[debug] [2024-01-25T23:42:51.328Z] >>> [apiv2][query] GET https://runtimeconfig.googleapis.com/v1beta1/projects/hotel-booking-app-e61c6/configs [none]
[debug] [2024-01-25T23:42:52.009Z] <<< [apiv2][status] GET https://runtimeconfig.googleapis.com/v1beta1/projects/hotel-booking-app-e61c6/configs 200
[debug] [2024-01-25T23:42:52.009Z] <<< [apiv2][body] GET https://runtimeconfig.googleapis.com/v1beta1/projects/hotel-booking-app-e61c6/configs {"configs":[{"name":"projects/hotel-booking-app-e61c6/configs/amadeus"}]}
[debug] [2024-01-25T23:42:52.009Z] >>> [apiv2][query] GET https://runtimeconfig.googleapis.com/v1beta1/projects/hotel-booking-app-e61c6/configs/amadeus/variables [none]
[debug] [2024-01-25T23:42:52.780Z] <<< [apiv2][status] GET https://runtimeconfig.googleapis.com/v1beta1/projects/hotel-booking-app-e61c6/configs/amadeus/variables 200
[debug] [2024-01-25T23:42:52.780Z] <<< [apiv2][body] GET https://runtimeconfig.googleapis.com/v1beta1/projects/hotel-booking-app-e61c6/configs/amadeus/variables {"variables":[{"name":"projects/hotel-booking-app-e61c6/configs/amadeus/variables/client_id","updateTime":"2024-01-25T21:57:22.462408760Z"},{"name":"projects/hotel-booking-app-e61c6/configs/amadeus/variables/client_secret","updateTime":"2024-01-25T21:57:21.672862816Z"},{"name":"projects/hotel-booking-app-e61c6/configs/amadeus/variables/access_token","updateTime":"2024-01-25T21:57:21.964546480Z"}]}
[debug] [2024-01-25T23:42:52.781Z] >>> [apiv2][query] GET https://runtimeconfig.googleapis.com/v1beta1/projects/hotel-booking-app-e61c6/configs/amadeus/variables/client_id [none]
[debug] [2024-01-25T23:42:52.785Z] >>> [apiv2][query] GET https://runtimeconfig.googleapis.com/v1beta1/projects/hotel-booking-app-e61c6/configs/amadeus/variables/client_secret [none]
[debug] [2024-01-25T23:42:52.789Z] >>> [apiv2][query] GET https://runtimeconfig.googleapis.com/v1beta1/projects/hotel-booking-app-e61c6/configs/amadeus/variables/access_token [none]
[debug] [2024-01-25T23:42:53.573Z] <<< [apiv2][status] GET https://runtimeconfig.googleapis.com/v1beta1/projects/hotel-booking-app-e61c6/configs/amadeus/variables/access_token 200
[debug] [2024-01-25T23:42:53.573Z] <<< [apiv2][body] GET https://runtimeconfig.googleapis.com/v1beta1/projects/hotel-booking-app-e61c6/configs/amadeus/variables/access_token {"name":"projects/hotel-booking-app-e61c6/configs/amadeus/variables/access_token","updateTime":"2024-01-25T21:57:21.964546480Z","text":"NiLiVSc6mCjvU16elA2fbtoMCZ7H"}
[debug] [2024-01-25T23:42:53.767Z] <<< [apiv2][status] GET https://runtimeconfig.googleapis.com/v1beta1/projects/hotel-booking-app-e61c6/configs/amadeus/variables/client_secret 200
[debug] [2024-01-25T23:42:53.767Z] <<< [apiv2][body] GET https://runtimeconfig.googleapis.com/v1beta1/projects/hotel-booking-app-e61c6/configs/amadeus/variables/client_secret {"name":"projects/hotel-booking-app-e61c6/configs/amadeus/variables/client_secret","updateTime":"2024-01-25T21:57:21.672862816Z","text":"o1bK1JjBi39gIFDW"}
[debug] [2024-01-25T23:42:53.776Z] <<< [apiv2][status] GET https://runtimeconfig.googleapis.com/v1beta1/projects/hotel-booking-app-e61c6/configs/amadeus/variables/client_id 200
[debug] [2024-01-25T23:42:53.776Z] <<< [apiv2][body] GET https://runtimeconfig.googleapis.com/v1beta1/projects/hotel-booking-app-e61c6/configs/amadeus/variables/client_id {"name":"projects/hotel-booking-app-e61c6/configs/amadeus/variables/client_id","updateTime":"2024-01-25T21:57:22.462408760Z","text":"8MEG3LPspvqB3GoiWYfEibC4N4nZoBOD"}
[debug] [2024-01-25T23:42:53.778Z] Validating nodejs source
[debug] [2024-01-25T23:42:54.724Z] > [functions] package.json contents: {
  "name": "functions",
  "description": "Cloud Functions for Firebase",
  "scripts": {
    "lint": "eslint .",
    "serve": "firebase emulators:start --only functions",
    "shell": "firebase functions:shell",
    "start": "npm run shell",
    "deploy": "firebase deploy --only functions",
    "logs": "firebase functions:log"
  },
  "engines": {
    "node": "18"
  },
  "main": "index.js",
  "dependencies": {
    "firebase-admin": "^12.0.0",
    "firebase-functions": "^4.6.0"
  },
  "devDependencies": {
    "eslint": "^8.15.0",
    "eslint-config-google": "^0.14.0",
    "firebase-functions-test": "^3.1.0"
  },
  "private": true
}
[debug] [2024-01-25T23:42:54.724Z] Building nodejs source
[info] i  functions: Loading and analyzing source code for codebase default to determine what to deploy 
[debug] [2024-01-25T23:42:54.726Z] Could not find functions.yaml. Must use http discovery
[debug] [2024-01-25T23:42:54.738Z] Found firebase-functions binary at 'D:\[2023-24] Semester 2\Final Year Project\Codes\hotel-booking-app\functions\node_modules\.bin\firebase-functions'
[info] Serving at port 8300

[debug] [2024-01-25T23:42:55.137Z] Got response from /__/functions.yaml {"endpoints":{"hotelOffersSearch":{"availableMemoryMb":null,"timeoutSeconds":null,"minInstances":null,"maxInstances":10,"ingressSettings":null,"concurrency":null,"serviceAccountEmail":null,"vpc":null,"platform":"gcfv2","labels":{},"httpsTrigger":{},"entryPoint":"hotelOffersSearch"}},"specVersion":"v1alpha1","requiredAPIs":[]}
[info] i  functions: Loaded environment variables from .env. 
[info] i  functions: preparing functions directory for uploading... 
[info] i  functions: packaged D:\[2023-24] Semester 2\Final Year Project\Codes\hotel-booking-app\functions (134.6 KB) for uploading 
[debug] [2024-01-25T23:42:55.253Z] >>> [apiv2][query] GET https://cloudfunctions.googleapis.com/v1/projects/hotel-booking-app-e61c6/locations/-/functions [none]
[debug] [2024-01-25T23:42:55.775Z] <<< [apiv2][status] GET https://cloudfunctions.googleapis.com/v1/projects/hotel-booking-app-e61c6/locations/-/functions 200
[debug] [2024-01-25T23:42:55.776Z] <<< [apiv2][body] GET https://cloudfunctions.googleapis.com/v1/projects/hotel-booking-app-e61c6/locations/-/functions {}
[debug] [2024-01-25T23:42:55.778Z] >>> [apiv2][query] GET https://cloudfunctions.googleapis.com/v2/projects/hotel-booking-app-e61c6/locations/-/functions filter=environment%3D%22GEN_2%22
[debug] [2024-01-25T23:42:56.290Z] <<< [apiv2][status] GET https://cloudfunctions.googleapis.com/v2/projects/hotel-booking-app-e61c6/locations/-/functions 200
[debug] [2024-01-25T23:42:56.290Z] <<< [apiv2][body] GET https://cloudfunctions.googleapis.com/v2/projects/hotel-booking-app-e61c6/locations/-/functions {"functions":[{"name":"projects/hotel-booking-app-e61c6/locations/us-central1/functions/hotelOffersSearch","buildConfig":{"build":"projects/546787576989/locations/us-central1/builds/7e027e07-2e16-48f8-ab97-f071b73e0a7e","runtime":"nodejs18","entryPoint":"hotelOffersSearch","source":{"storageSource":{"bucket":"gcf-v2-sources-546787576989-us-central1","object":"hotelOffersSearch/function-source.zip","generation":"1706221412091473"}},"environmentVariables":{"GOOGLE_NODE_RUN_SCRIPTS":""},"dockerRepository":"projects/hotel-booking-app-e61c6/locations/us-central1/repositories/gcf-artifacts","sourceProvenance":{"resolvedStorageSource":{"bucket":"gcf-v2-sources-546787576989-us-central1","object":"hotelOffersSearch/function-source.zip","generation":"1706221412091473"}},"dockerRegistry":"ARTIFACT_REGISTRY"},"state":"FAILED","updateTime":"2024-01-25T22:24:21.140056189Z","labels":{"deployment-tool":"cli-firebase","firebase-functions-hash":"5fb7816b06f67100d1c184ac12913fb12f700a79"},"stateMessages":[{"severity":"ERROR","type":"CloudRunServiceNotFound","message":"Cloud Run service projects/hotel-booking-app-e61c6/locations/us-central1/services/hotelofferssearch for the function was not found. The function will not work correctly. Please redeploy."}],"environment":"GEN_2","url":"https://us-central1-hotel-booking-app-e61c6.cloudfunctions.net/hotelOffersSearch"}]}
[info] i  functions: ensuring required API run.googleapis.com is enabled... 
[info] i  functions: ensuring required API eventarc.googleapis.com is enabled... 
[info] i  functions: ensuring required API pubsub.googleapis.com is enabled... 
[info] i  functions: ensuring required API storage.googleapis.com is enabled... 
[debug] [2024-01-25T23:42:56.294Z] >>> [apiv2][query] GET https://serviceusage.googleapis.com/v1/projects/hotel-booking-app-e61c6/services/run.googleapis.com [none]
[debug] [2024-01-25T23:42:56.294Z] >>> [apiv2][(partial)header] GET https://serviceusage.googleapis.com/v1/projects/hotel-booking-app-e61c6/services/run.googleapis.com x-goog-quota-user=projects/hotel-booking-app-e61c6
[debug] [2024-01-25T23:42:56.296Z] >>> [apiv2][query] GET https://serviceusage.googleapis.com/v1/projects/hotel-booking-app-e61c6/services/eventarc.googleapis.com [none]
[debug] [2024-01-25T23:42:56.296Z] >>> [apiv2][(partial)header] GET https://serviceusage.googleapis.com/v1/projects/hotel-booking-app-e61c6/services/eventarc.googleapis.com x-goog-quota-user=projects/hotel-booking-app-e61c6
[debug] [2024-01-25T23:42:56.297Z] >>> [apiv2][query] GET https://serviceusage.googleapis.com/v1/projects/hotel-booking-app-e61c6/services/pubsub.googleapis.com [none]
[debug] [2024-01-25T23:42:56.297Z] >>> [apiv2][(partial)header] GET https://serviceusage.googleapis.com/v1/projects/hotel-booking-app-e61c6/services/pubsub.googleapis.com x-goog-quota-user=projects/hotel-booking-app-e61c6
[debug] [2024-01-25T23:42:56.299Z] >>> [apiv2][query] GET https://serviceusage.googleapis.com/v1/projects/hotel-booking-app-e61c6/services/storage.googleapis.com [none]
[debug] [2024-01-25T23:42:56.299Z] >>> [apiv2][(partial)header] GET https://serviceusage.googleapis.com/v1/projects/hotel-booking-app-e61c6/services/storage.googleapis.com x-goog-quota-user=projects/hotel-booking-app-e61c6
[debug] [2024-01-25T23:42:57.162Z] <<< [apiv2][status] GET https://serviceusage.googleapis.com/v1/projects/hotel-booking-app-e61c6/services/run.googleapis.com 200
[debug] [2024-01-25T23:42:57.162Z] <<< [apiv2][body] GET https://serviceusage.googleapis.com/v1/projects/hotel-booking-app-e61c6/services/run.googleapis.com [omitted]
[info] +  functions: required API run.googleapis.com is enabled 
[debug] [2024-01-25T23:42:57.165Z] <<< [apiv2][status] GET https://serviceusage.googleapis.com/v1/projects/hotel-booking-app-e61c6/services/storage.googleapis.com 200
[debug] [2024-01-25T23:42:57.165Z] <<< [apiv2][body] GET https://serviceusage.googleapis.com/v1/projects/hotel-booking-app-e61c6/services/storage.googleapis.com [omitted]
[info] +  functions: required API storage.googleapis.com is enabled 
[debug] [2024-01-25T23:42:57.253Z] <<< [apiv2][status] GET https://serviceusage.googleapis.com/v1/projects/hotel-booking-app-e61c6/services/eventarc.googleapis.com 200
[debug] [2024-01-25T23:42:57.253Z] <<< [apiv2][body] GET https://serviceusage.googleapis.com/v1/projects/hotel-booking-app-e61c6/services/eventarc.googleapis.com [omitted]
[info] +  functions: required API eventarc.googleapis.com is enabled 
[debug] [2024-01-25T23:42:57.294Z] <<< [apiv2][status] GET https://serviceusage.googleapis.com/v1/projects/hotel-booking-app-e61c6/services/pubsub.googleapis.com 200
[debug] [2024-01-25T23:42:57.294Z] <<< [apiv2][body] GET https://serviceusage.googleapis.com/v1/projects/hotel-booking-app-e61c6/services/pubsub.googleapis.com [omitted]
[info] +  functions: required API pubsub.googleapis.com is enabled 
[info] i  functions: generating the service identity for pubsub.googleapis.com... 
[info] i  functions: generating the service identity for eventarc.googleapis.com... 
[debug] [2024-01-25T23:42:57.296Z] >>> [apiv2][query] POST https://serviceusage.googleapis.com/v1beta1/projects/546787576989/services/pubsub.googleapis.com:generateServiceIdentity [none]
[debug] [2024-01-25T23:42:57.303Z] >>> [apiv2][query] POST https://serviceusage.googleapis.com/v1beta1/projects/546787576989/services/eventarc.googleapis.com:generateServiceIdentity [none]
[debug] [2024-01-25T23:42:58.460Z] <<< [apiv2][status] POST https://serviceusage.googleapis.com/v1beta1/projects/546787576989/services/pubsub.googleapis.com:generateServiceIdentity 200
[debug] [2024-01-25T23:42:58.460Z] <<< [apiv2][body] POST https://serviceusage.googleapis.com/v1beta1/projects/546787576989/services/pubsub.googleapis.com:generateServiceIdentity {"name":"operations/finished.DONE_OPERATION","done":true,"response":{"@type":"type.googleapis.com/google.api.serviceusage.v1beta1.ServiceIdentity","email":"service-546787576989@gcp-sa-pubsub.iam.gserviceaccount.com","uniqueId":"112747689929868085090"}}
[debug] [2024-01-25T23:42:58.598Z] <<< [apiv2][status] POST https://serviceusage.googleapis.com/v1beta1/projects/546787576989/services/eventarc.googleapis.com:generateServiceIdentity 200
[debug] [2024-01-25T23:42:58.598Z] <<< [apiv2][body] POST https://serviceusage.googleapis.com/v1beta1/projects/546787576989/services/eventarc.googleapis.com:generateServiceIdentity {"name":"operations/finished.DONE_OPERATION","done":true,"response":{"@type":"type.googleapis.com/google.api.serviceusage.v1beta1.ServiceIdentity","email":"service-546787576989@gcp-sa-eventarc.iam.gserviceaccount.com","uniqueId":"100189408062439398797"}}
[debug] [2024-01-25T23:42:58.602Z] >>> [apiv2][query] GET https://firebase.googleapis.com/v1beta1/projects/hotel-booking-app-e61c6 [none]
[debug] [2024-01-25T23:42:58.905Z] <<< [apiv2][status] GET https://firebase.googleapis.com/v1beta1/projects/hotel-booking-app-e61c6 200
[debug] [2024-01-25T23:42:58.905Z] <<< [apiv2][body] GET https://firebase.googleapis.com/v1beta1/projects/hotel-booking-app-e61c6 {"projectId":"hotel-booking-app-e61c6","projectNumber":"546787576989","displayName":"Hotel Booking App","name":"projects/hotel-booking-app-e61c6","resources":{"hostingSite":"hotel-booking-app-e61c6"},"state":"ACTIVE","etag":"1_570c9445-c0e8-483a-9e82-987aa1fe65ba"}
[debug] [2024-01-25T23:42:58.908Z] >>> [apiv2][query] POST https://cloudfunctions.googleapis.com/v2/projects/hotel-booking-app-e61c6/locations/us-central1/functions:generateUploadUrl [none]
[debug] [2024-01-25T23:42:59.165Z] <<< [apiv2][status] POST https://cloudfunctions.googleapis.com/v2/projects/hotel-booking-app-e61c6/locations/us-central1/functions:generateUploadUrl 200
[debug] [2024-01-25T23:42:59.165Z] <<< [apiv2][body] POST https://cloudfunctions.googleapis.com/v2/projects/hotel-booking-app-e61c6/locations/us-central1/functions:generateUploadUrl {"uploadUrl":"https://storage.googleapis.com/gcf-v2-uploads-546787576989-us-central1/34175880-d45e-4e8c-97ac-7080c939dcdf.zip?GoogleAccessId=service-546787576989@gcf-admin-robot.iam.gserviceaccount.com&Expires=1706227979&Signature=kUmxp%2BOLUPaVT6mnigCALKDEMZogdSdOpXlYmzBaPU2va8u90jMdVhj5GlmXH5NbySpe8XZAYMYchINY0DpkAgUxv7fQzDKtGnFxi61rzJcqmcCuQPqjNtD5SC5df1AWOua9RaY5YzQxW96JHyu63YVhAb5zP0YQGnzBAfgpFzdhxxJB%2FDkKli30Izh8jj%2F6yHMLbJ%2BZauuaoVGeZ9KpUAT7ofA%2BorKIxx7RwMRGr82RytgUlQyoImWM2vzwsBXOvV0FnbtB%2FIXxKw%2BG34c3rew2ajhyGDsgDbc%2Fkoyycb4CNH7n0ufIVtW60Gp1rBrnVCWnLvB9prHL6y47hWb28g%3D%3D","storageSource":{"bucket":"gcf-v2-uploads-546787576989-us-central1","object":"34175880-d45e-4e8c-97ac-7080c939dcdf.zip"}}
[debug] [2024-01-25T23:42:59.166Z] >>> [apiv2][query] PUT https://storage.googleapis.com/gcf-v2-uploads-546787576989-us-central1/34175880-d45e-4e8c-97ac-7080c939dcdf.zip GoogleAccessId=service-546787576989%40gcf-admin-robot.iam.gserviceaccount.com&Expires=1706227979&Signature=kUmxp%2BOLUPaVT6mnigCALKDEMZogdSdOpXlYmzBaPU2va8u90jMdVhj5GlmXH5NbySpe8XZAYMYchINY0DpkAgUxv7fQzDKtGnFxi61rzJcqmcCuQPqjNtD5SC5df1AWOua9RaY5YzQxW96JHyu63YVhAb5zP0YQGnzBAfgpFzdhxxJB%2FDkKli30Izh8jj%2F6yHMLbJ%2BZauuaoVGeZ9KpUAT7ofA%2BorKIxx7RwMRGr82RytgUlQyoImWM2vzwsBXOvV0FnbtB%2FIXxKw%2BG34c3rew2ajhyGDsgDbc%2Fkoyycb4CNH7n0ufIVtW60Gp1rBrnVCWnLvB9prHL6y47hWb28g%3D%3D
[debug] [2024-01-25T23:42:59.166Z] >>> [apiv2][body] PUT https://storage.googleapis.com/gcf-v2-uploads-546787576989-us-central1/34175880-d45e-4e8c-97ac-7080c939dcdf.zip [stream]
[debug] [2024-01-25T23:42:59.701Z] <<< [apiv2][status] PUT https://storage.googleapis.com/gcf-v2-uploads-546787576989-us-central1/34175880-d45e-4e8c-97ac-7080c939dcdf.zip 200
[debug] [2024-01-25T23:42:59.701Z] <<< [apiv2][body] PUT https://storage.googleapis.com/gcf-v2-uploads-546787576989-us-central1/34175880-d45e-4e8c-97ac-7080c939dcdf.zip [omitted]
[info] +  functions: functions folder uploaded successfully 
[info] i  functions: updating Node.js 18 (2nd Gen) function hotelOffersSearch(us-central1)... 
[debug] [2024-01-25T23:42:59.710Z] >>> [apiv2][query] PATCH https://cloudfunctions.googleapis.com/v2/projects/hotel-booking-app-e61c6/locations/us-central1/functions/hotelOffersSearch updateMask=name%2CbuildConfig.runtime%2CbuildConfig.entryPoint%2CbuildConfig.source.storageSource.bucket%2CbuildConfig.source.storageSource.object%2CbuildConfig.environmentVariables%2CbuildConfig.sourceToken%2CserviceConfig.environmentVariables%2CserviceConfig.ingressSettings%2CserviceConfig.timeoutSeconds%2CserviceConfig.serviceAccountEmail%2CserviceConfig.availableMemory%2CserviceConfig.minInstanceCount%2CserviceConfig.maxInstanceCount%2CserviceConfig.maxInstanceRequestConcurrency%2CserviceConfig.availableCpu%2CserviceConfig.vpcConnector%2CserviceConfig.vpcConnectorEgressSettings%2Clabels%2CbuildConfig.buildEnvironmentVariables
[debug] [2024-01-25T23:42:59.710Z] >>> [apiv2][body] PATCH https://cloudfunctions.googleapis.com/v2/projects/hotel-booking-app-e61c6/locations/us-central1/functions/hotelOffersSearch {"name":"projects/hotel-booking-app-e61c6/locations/us-central1/functions/hotelOffersSearch","buildConfig":{"runtime":"nodejs18","entryPoint":"hotelOffersSearch","source":{"storageSource":{"bucket":"gcf-v2-uploads-546787576989-us-central1","object":"34175880-d45e-4e8c-97ac-7080c939dcdf.zip"}},"environmentVariables":{"GOOGLE_NODE_RUN_SCRIPTS":""}},"serviceConfig":{"environmentVariables":{"AMADEUS_CLIENT_ID":"8MEG3LPspvqB3GoiWYfEibC4N4nZoBOD","AMADEUS_CLIENT_SECRET":"o1bK1JjBi39gIFDW","AMADEUS_ACCESS_TOKEN":"NiLiVSc6mCjvU16elA2fbtoMCZ7H","FIREBASE_CONFIG":"{\"projectId\":\"hotel-booking-app-e61c6\",\"storageBucket\":\"hotel-booking-app-e61c6.appspot.com\"}","GCLOUD_PROJECT":"hotel-booking-app-e61c6","EVENTARC_CLOUD_EVENT_SOURCE":"projects/hotel-booking-app-e61c6/locations/us-central1/services/hotelOffersSearch","FUNCTION_TARGET":"hotelOffersSearch"},"ingressSettings":null,"timeoutSeconds":null,"serviceAccountEmail":null,"availableMemory":"256Mi","minInstanceCount":null,"maxInstanceCount":10,"maxInstanceRequestConcurrency":80,"availableCpu":"1","vpcConnector":null,"vpcConnectorEgressSettings":null},"labels":{"deployment-tool":"cli-firebase","firebase-functions-hash":"bb3171b670da6e37575d39425c9565edde0c64b5"}}
[debug] [2024-01-25T23:43:00.807Z] <<< [apiv2][status] PATCH https://cloudfunctions.googleapis.com/v2/projects/hotel-booking-app-e61c6/locations/us-central1/functions/hotelOffersSearch 200
[debug] [2024-01-25T23:43:00.808Z] <<< [apiv2][body] PATCH https://cloudfunctions.googleapis.com/v2/projects/hotel-booking-app-e61c6/locations/us-central1/functions/hotelOffersSearch {"name":"projects/hotel-booking-app-e61c6/locations/us-central1/operations/operation-1706226179869-60fcdbd5b8aac-8e01590a-e8d297f7","metadata":{"@type":"type.googleapis.com/google.cloud.functions.v2.OperationMetadata","createTime":"2024-01-25T23:43:00.763221079Z","target":"projects/hotel-booking-app-e61c6/locations/us-central1/functions/hotelOffersSearch","verb":"update","cancelRequested":false,"apiVersion":"v2"},"done":false}
[debug] [2024-01-25T23:43:00.808Z] >>> [apiv2][query] GET https://cloudfunctions.googleapis.com/v2/projects/hotel-booking-app-e61c6/locations/us-central1/operations/operation-1706226179869-60fcdbd5b8aac-8e01590a-e8d297f7 [none]
[debug] [2024-01-25T23:43:00.999Z] <<< [apiv2][status] GET https://cloudfunctions.googleapis.com/v2/projects/hotel-booking-app-e61c6/locations/us-central1/operations/operation-1706226179869-60fcdbd5b8aac-8e01590a-e8d297f7 200
[debug] [2024-01-25T23:43:00.999Z] <<< [apiv2][body] GET https://cloudfunctions.googleapis.com/v2/projects/hotel-booking-app-e61c6/locations/us-central1/operations/operation-1706226179869-60fcdbd5b8aac-8e01590a-e8d297f7 {"name":"projects/hotel-booking-app-e61c6/locations/us-central1/operations/operation-1706226179869-60fcdbd5b8aac-8e01590a-e8d297f7","metadata":{"@type":"type.googleapis.com/google.cloud.functions.v2.OperationMetadata","createTime":"2024-01-25T23:43:00.763221079Z","target":"projects/hotel-booking-app-e61c6/locations/us-central1/functions/hotelOffersSearch","verb":"update","cancelRequested":false,"apiVersion":"v2","requestResource":{"@type":"type.googleapis.com/google.cloud.functions.v2.Function","name":"projects/hotel-booking-app-e61c6/locations/us-central1/functions/hotelOffersSearch","buildConfig":{"runtime":"nodejs18","entryPoint":"hotelOffersSearch","source":{"storageSource":{"bucket":"gcf-v2-sources-546787576989-us-central1","object":"hotelOffersSearch/function-source.zip","generation":"1706226180705882"}},"environmentVariables":{"GOOGLE_NODE_RUN_SCRIPTS":""},"dockerRepository":"projects/hotel-booking-app-e61c6/locations/us-central1/repositories/gcf-artifacts","sourceProvenance":{"resolvedStorageSource":{"bucket":"gcf-v2-sources-546787576989-us-central1","object":"hotelOffersSearch/function-source.zip","generation":"1706221412091473"}},"dockerRegistry":"ARTIFACT_REGISTRY"},"serviceConfig":{"service":"projects/hotel-booking-app-e61c6/locations/us-central1/services/hotelofferssearch","timeoutSeconds":60,"environmentVariables":{"AMADEUS_CLIENT_ID":"8MEG3LPspvqB3GoiWYfEibC4N4nZoBOD","AMADEUS_CLIENT_SECRET":"o1bK1JjBi39gIFDW","AMADEUS_ACCESS_TOKEN":"NiLiVSc6mCjvU16elA2fbtoMCZ7H","FIREBASE_CONFIG":"{\"projectId\":\"hotel-booking-app-e61c6\",\"storageBucket\":\"hotel-booking-app-e61c6.appspot.com\"}","GCLOUD_PROJECT":"hotel-booking-app-e61c6","EVENTARC_CLOUD_EVENT_SOURCE":"projects/hotel-booking-app-e61c6/locations/us-central1/services/hotelOffersSearch","FUNCTION_TARGET":"hotelOffersSearch"},"maxInstanceCount":10,"ingressSettings":"ALLOW_ALL","serviceAccountEmail":"546787576989-compute@developer.gserviceaccount.com","availableMemory":"256Mi","maxInstanceRequestConcurrency":80,"availableCpu":"1"},"state":"FAILED","labels":{"firebase-functions-hash":"bb3171b670da6e37575d39425c9565edde0c64b5"},"stateMessages":[{"severity":"ERROR","type":"CloudRunServiceNotFound","message":"Cloud Run service projects/hotel-booking-app-e61c6/locations/us-central1/services/hotelofferssearch for the function was not found. The function will not work correctly. Please redeploy."}],"environment":"GEN_2","url":"https://us-central1-hotel-booking-app-e61c6.cloudfunctions.net/hotelOffersSearch"},"stages":[{"name":"BUILD","state":"NOT_STARTED"},{"name":"SERVICE","state":"NOT_STARTED"}],"operationType":"UPDATE_FUNCTION"},"done":false}
[debug] [2024-01-25T23:43:01.506Z] [update-default-us-central1-hotelOffersSearch] Retrying task index 0
[debug] [2024-01-25T23:43:01.506Z] >>> [apiv2][query] GET https://cloudfunctions.googleapis.com/v2/projects/hotel-booking-app-e61c6/locations/us-central1/operations/operation-1706226179869-60fcdbd5b8aac-8e01590a-e8d297f7 [none]
[debug] [2024-01-25T23:43:01.680Z] <<< [apiv2][status] GET https://cloudfunctions.googleapis.com/v2/projects/hotel-booking-app-e61c6/locations/us-central1/operations/operation-1706226179869-60fcdbd5b8aac-8e01590a-e8d297f7 200
[debug] [2024-01-25T23:43:01.680Z] <<< [apiv2][body] GET https://cloudfunctions.googleapis.com/v2/projects/hotel-booking-app-e61c6/locations/us-central1/operations/operation-1706226179869-60fcdbd5b8aac-8e01590a-e8d297f7 {"name":"projects/hotel-booking-app-e61c6/locations/us-central1/operations/operation-1706226179869-60fcdbd5b8aac-8e01590a-e8d297f7","metadata":{"@type":"type.googleapis.com/google.cloud.functions.v2.OperationMetadata","createTime":"2024-01-25T23:43:00.763221079Z","target":"projects/hotel-booking-app-e61c6/locations/us-central1/functions/hotelOffersSearch","verb":"update","cancelRequested":false,"apiVersion":"v2","requestResource":{"@type":"type.googleapis.com/google.cloud.functions.v2.Function","name":"projects/hotel-booking-app-e61c6/locations/us-central1/functions/hotelOffersSearch","buildConfig":{"runtime":"nodejs18","entryPoint":"hotelOffersSearch","source":{"storageSource":{"bucket":"gcf-v2-sources-546787576989-us-central1","object":"hotelOffersSearch/function-source.zip","generation":"1706226180705882"}},"environmentVariables":{"GOOGLE_NODE_RUN_SCRIPTS":""},"dockerRepository":"projects/hotel-booking-app-e61c6/locations/us-central1/repositories/gcf-artifacts","sourceProvenance":{"resolvedStorageSource":{"bucket":"gcf-v2-sources-546787576989-us-central1","object":"hotelOffersSearch/function-source.zip","generation":"1706221412091473"}},"dockerRegistry":"ARTIFACT_REGISTRY"},"serviceConfig":{"service":"projects/hotel-booking-app-e61c6/locations/us-central1/services/hotelofferssearch","timeoutSeconds":60,"environmentVariables":{"AMADEUS_CLIENT_ID":"8MEG3LPspvqB3GoiWYfEibC4N4nZoBOD","AMADEUS_CLIENT_SECRET":"o1bK1JjBi39gIFDW","AMADEUS_ACCESS_TOKEN":"NiLiVSc6mCjvU16elA2fbtoMCZ7H","FIREBASE_CONFIG":"{\"projectId\":\"hotel-booking-app-e61c6\",\"storageBucket\":\"hotel-booking-app-e61c6.appspot.com\"}","GCLOUD_PROJECT":"hotel-booking-app-e61c6","EVENTARC_CLOUD_EVENT_SOURCE":"projects/hotel-booking-app-e61c6/locations/us-central1/services/hotelOffersSearch","FUNCTION_TARGET":"hotelOffersSearch"},"maxInstanceCount":10,"ingressSettings":"ALLOW_ALL","serviceAccountEmail":"546787576989-compute@developer.gserviceaccount.com","availableMemory":"256Mi","maxInstanceRequestConcurrency":80,"availableCpu":"1"},"state":"FAILED","labels":{"firebase-functions-hash":"bb3171b670da6e37575d39425c9565edde0c64b5"},"stateMessages":[{"severity":"ERROR","type":"CloudRunServiceNotFound","message":"Cloud Run service projects/hotel-booking-app-e61c6/locations/us-central1/services/hotelofferssearch for the function was not found. The function will not work correctly. Please redeploy."}],"environment":"GEN_2","url":"https://us-central1-hotel-booking-app-e61c6.cloudfunctions.net/hotelOffersSearch"},"stages":[{"name":"BUILD","message":"Creating build","state":"IN_PROGRESS","resource":"projects/546787576989/locations/us-central1/builds/763aabe0-396a-4e80-9201-d141b2c1a38d","resourceUri":"https://console.cloud.google.com/cloud-build/builds;region=us-central1/763aabe0-396a-4e80-9201-d141b2c1a38d?project=546787576989"},{"name":"SERVICE","state":"NOT_STARTED"}],"operationType":"UPDATE_FUNCTION"},"done":false}
[debug] [2024-01-25T23:43:02.687Z] [update-default-us-central1-hotelOffersSearch] Retrying task index 0
[debug] [2024-01-25T23:43:02.688Z] >>> [apiv2][query] GET https://cloudfunctions.googleapis.com/v2/projects/hotel-booking-app-e61c6/locations/us-central1/operations/operation-1706226179869-60fcdbd5b8aac-8e01590a-e8d297f7 [none]
[debug] [2024-01-25T23:43:03.455Z] <<< [apiv2][status] GET https://cloudfunctions.googleapis.com/v2/projects/hotel-booking-app-e61c6/locations/us-central1/operations/operation-1706226179869-60fcdbd5b8aac-8e01590a-e8d297f7 200
[debug] [2024-01-25T23:43:03.455Z] <<< [apiv2][body] GET https://cloudfunctions.googleapis.com/v2/projects/hotel-booking-app-e61c6/locations/us-central1/operations/operation-1706226179869-60fcdbd5b8aac-8e01590a-e8d297f7 {"name":"projects/hotel-booking-app-e61c6/locations/us-central1/operations/operation-1706226179869-60fcdbd5b8aac-8e01590a-e8d297f7","metadata":{"@type":"type.googleapis.com/google.cloud.functions.v2.OperationMetadata","createTime":"2024-01-25T23:43:00.763221079Z","target":"projects/hotel-booking-app-e61c6/locations/us-central1/functions/hotelOffersSearch","verb":"update","cancelRequested":false,"apiVersion":"v2","requestResource":{"@type":"type.googleapis.com/google.cloud.functions.v2.Function","name":"projects/hotel-booking-app-e61c6/locations/us-central1/functions/hotelOffersSearch","buildConfig":{"runtime":"nodejs18","entryPoint":"hotelOffersSearch","source":{"storageSource":{"bucket":"gcf-v2-sources-546787576989-us-central1","object":"hotelOffersSearch/function-source.zip","generation":"1706226180705882"}},"environmentVariables":{"GOOGLE_NODE_RUN_SCRIPTS":""},"dockerRepository":"projects/hotel-booking-app-e61c6/locations/us-central1/repositories/gcf-artifacts","sourceProvenance":{"resolvedStorageSource":{"bucket":"gcf-v2-sources-546787576989-us-central1","object":"hotelOffersSearch/function-source.zip","generation":"1706221412091473"}},"dockerRegistry":"ARTIFACT_REGISTRY"},"serviceConfig":{"service":"projects/hotel-booking-app-e61c6/locations/us-central1/services/hotelofferssearch","timeoutSeconds":60,"environmentVariables":{"AMADEUS_CLIENT_ID":"8MEG3LPspvqB3GoiWYfEibC4N4nZoBOD","AMADEUS_CLIENT_SECRET":"o1bK1JjBi39gIFDW","AMADEUS_ACCESS_TOKEN":"NiLiVSc6mCjvU16elA2fbtoMCZ7H","FIREBASE_CONFIG":"{\"projectId\":\"hotel-booking-app-e61c6\",\"storageBucket\":\"hotel-booking-app-e61c6.appspot.com\"}","GCLOUD_PROJECT":"hotel-booking-app-e61c6","EVENTARC_CLOUD_EVENT_SOURCE":"projects/hotel-booking-app-e61c6/locations/us-central1/services/hotelOffersSearch","FUNCTION_TARGET":"hotelOffersSearch"},"maxInstanceCount":10,"ingressSettings":"ALLOW_ALL","serviceAccountEmail":"546787576989-compute@developer.gserviceaccount.com","availableMemory":"256Mi","maxInstanceRequestConcurrency":80,"availableCpu":"1"},"state":"FAILED","labels":{"firebase-functions-hash":"bb3171b670da6e37575d39425c9565edde0c64b5"},"stateMessages":[{"severity":"ERROR","type":"CloudRunServiceNotFound","message":"Cloud Run service projects/hotel-booking-app-e61c6/locations/us-central1/services/hotelofferssearch for the function was not found. The function will not work correctly. Please redeploy."}],"environment":"GEN_2","url":"https://us-central1-hotel-booking-app-e61c6.cloudfunctions.net/hotelOffersSearch"},"stages":[{"name":"BUILD","message":"Build in progress","state":"IN_PROGRESS","resource":"projects/546787576989/locations/us-central1/builds/763aabe0-396a-4e80-9201-d141b2c1a38d","resourceUri":"https://console.cloud.google.com/cloud-build/builds;region=us-central1/763aabe0-396a-4e80-9201-d141b2c1a38d?project=546787576989"},{"name":"SERVICE","state":"NOT_STARTED"}],"operationType":"UPDATE_FUNCTION"},"done":false}
[debug] [2024-01-25T23:43:05.459Z] [update-default-us-central1-hotelOffersSearch] Retrying task index 0
[debug] [2024-01-25T23:43:05.460Z] >>> [apiv2][query] GET https://cloudfunctions.googleapis.com/v2/projects/hotel-booking-app-e61c6/locations/us-central1/operations/operation-1706226179869-60fcdbd5b8aac-8e01590a-e8d297f7 [none]
[debug] [2024-01-25T23:43:06.203Z] <<< [apiv2][status] GET https://cloudfunctions.googleapis.com/v2/projects/hotel-booking-app-e61c6/locations/us-central1/operations/operation-1706226179869-60fcdbd5b8aac-8e01590a-e8d297f7 200
[debug] [2024-01-25T23:43:06.203Z] <<< [apiv2][body] GET https://cloudfunctions.googleapis.com/v2/projects/hotel-booking-app-e61c6/locations/us-central1/operations/operation-1706226179869-60fcdbd5b8aac-8e01590a-e8d297f7 {"name":"projects/hotel-booking-app-e61c6/locations/us-central1/operations/operation-1706226179869-60fcdbd5b8aac-8e01590a-e8d297f7","metadata":{"@type":"type.googleapis.com/google.cloud.functions.v2.OperationMetadata","createTime":"2024-01-25T23:43:00.763221079Z","target":"projects/hotel-booking-app-e61c6/locations/us-central1/functions/hotelOffersSearch","verb":"update","cancelRequested":false,"apiVersion":"v2","requestResource":{"@type":"type.googleapis.com/google.cloud.functions.v2.Function","name":"projects/hotel-booking-app-e61c6/locations/us-central1/functions/hotelOffersSearch","buildConfig":{"runtime":"nodejs18","entryPoint":"hotelOffersSearch","source":{"storageSource":{"bucket":"gcf-v2-sources-546787576989-us-central1","object":"hotelOffersSearch/function-source.zip","generation":"1706226180705882"}},"environmentVariables":{"GOOGLE_NODE_RUN_SCRIPTS":""},"dockerRepository":"projects/hotel-booking-app-e61c6/locations/us-central1/repositories/gcf-artifacts","sourceProvenance":{"resolvedStorageSource":{"bucket":"gcf-v2-sources-546787576989-us-central1","object":"hotelOffersSearch/function-source.zip","generation":"1706221412091473"}},"dockerRegistry":"ARTIFACT_REGISTRY"},"serviceConfig":{"service":"projects/hotel-booking-app-e61c6/locations/us-central1/services/hotelofferssearch","timeoutSeconds":60,"environmentVariables":{"AMADEUS_CLIENT_ID":"8MEG3LPspvqB3GoiWYfEibC4N4nZoBOD","AMADEUS_CLIENT_SECRET":"o1bK1JjBi39gIFDW","AMADEUS_ACCESS_TOKEN":"NiLiVSc6mCjvU16elA2fbtoMCZ7H","FIREBASE_CONFIG":"{\"projectId\":\"hotel-booking-app-e61c6\",\"storageBucket\":\"hotel-booking-app-e61c6.appspot.com\"}","GCLOUD_PROJECT":"hotel-booking-app-e61c6","EVENTARC_CLOUD_EVENT_SOURCE":"projects/hotel-booking-app-e61c6/locations/us-central1/services/hotelOffersSearch","FUNCTION_TARGET":"hotelOffersSearch"},"maxInstanceCount":10,"ingressSettings":"ALLOW_ALL","serviceAccountEmail":"546787576989-compute@developer.gserviceaccount.com","availableMemory":"256Mi","maxInstanceRequestConcurrency":80,"availableCpu":"1"},"state":"FAILED","labels":{"firebase-functions-hash":"bb3171b670da6e37575d39425c9565edde0c64b5"},"stateMessages":[{"severity":"ERROR","type":"CloudRunServiceNotFound","message":"Cloud Run service projects/hotel-booking-app-e61c6/locations/us-central1/services/hotelofferssearch for the function was not found. The function will not work correctly. Please redeploy."}],"environment":"GEN_2","url":"https://us-central1-hotel-booking-app-e61c6.cloudfunctions.net/hotelOffersSearch"},"stages":[{"name":"BUILD","message":"Build in progress","state":"IN_PROGRESS","resource":"projects/546787576989/locations/us-central1/builds/763aabe0-396a-4e80-9201-d141b2c1a38d","resourceUri":"https://console.cloud.google.com/cloud-build/builds;region=us-central1/763aabe0-396a-4e80-9201-d141b2c1a38d?project=546787576989"},{"name":"SERVICE","state":"NOT_STARTED"}],"operationType":"UPDATE_FUNCTION"},"done":false}
[debug] [2024-01-25T23:43:10.217Z] [update-default-us-central1-hotelOffersSearch] Retrying task index 0
[debug] [2024-01-25T23:43:10.218Z] >>> [apiv2][query] GET https://cloudfunctions.googleapis.com/v2/projects/hotel-booking-app-e61c6/locations/us-central1/operations/operation-1706226179869-60fcdbd5b8aac-8e01590a-e8d297f7 [none]
[debug] [2024-01-25T23:43:10.972Z] <<< [apiv2][status] GET https://cloudfunctions.googleapis.com/v2/projects/hotel-booking-app-e61c6/locations/us-central1/operations/operation-1706226179869-60fcdbd5b8aac-8e01590a-e8d297f7 200
[debug] [2024-01-25T23:43:10.973Z] <<< [apiv2][body] GET https://cloudfunctions.googleapis.com/v2/projects/hotel-booking-app-e61c6/locations/us-central1/operations/operation-1706226179869-60fcdbd5b8aac-8e01590a-e8d297f7 {"name":"projects/hotel-booking-app-e61c6/locations/us-central1/operations/operation-1706226179869-60fcdbd5b8aac-8e01590a-e8d297f7","metadata":{"@type":"type.googleapis.com/google.cloud.functions.v2.OperationMetadata","createTime":"2024-01-25T23:43:00.763221079Z","target":"projects/hotel-booking-app-e61c6/locations/us-central1/functions/hotelOffersSearch","verb":"update","cancelRequested":false,"apiVersion":"v2","requestResource":{"@type":"type.googleapis.com/google.cloud.functions.v2.Function","name":"projects/hotel-booking-app-e61c6/locations/us-central1/functions/hotelOffersSearch","buildConfig":{"runtime":"nodejs18","entryPoint":"hotelOffersSearch","source":{"storageSource":{"bucket":"gcf-v2-sources-546787576989-us-central1","object":"hotelOffersSearch/function-source.zip","generation":"1706226180705882"}},"environmentVariables":{"GOOGLE_NODE_RUN_SCRIPTS":""},"dockerRepository":"projects/hotel-booking-app-e61c6/locations/us-central1/repositories/gcf-artifacts","sourceProvenance":{"resolvedStorageSource":{"bucket":"gcf-v2-sources-546787576989-us-central1","object":"hotelOffersSearch/function-source.zip","generation":"1706221412091473"}},"dockerRegistry":"ARTIFACT_REGISTRY"},"serviceConfig":{"service":"projects/hotel-booking-app-e61c6/locations/us-central1/services/hotelofferssearch","timeoutSeconds":60,"environmentVariables":{"AMADEUS_CLIENT_ID":"8MEG3LPspvqB3GoiWYfEibC4N4nZoBOD","AMADEUS_CLIENT_SECRET":"o1bK1JjBi39gIFDW","AMADEUS_ACCESS_TOKEN":"NiLiVSc6mCjvU16elA2fbtoMCZ7H","FIREBASE_CONFIG":"{\"projectId\":\"hotel-booking-app-e61c6\",\"storageBucket\":\"hotel-booking-app-e61c6.appspot.com\"}","GCLOUD_PROJECT":"hotel-booking-app-e61c6","EVENTARC_CLOUD_EVENT_SOURCE":"projects/hotel-booking-app-e61c6/locations/us-central1/services/hotelOffersSearch","FUNCTION_TARGET":"hotelOffersSearch"},"maxInstanceCount":10,"ingressSettings":"ALLOW_ALL","serviceAccountEmail":"546787576989-compute@developer.gserviceaccount.com","availableMemory":"256Mi","maxInstanceRequestConcurrency":80,"availableCpu":"1"},"state":"FAILED","labels":{"firebase-functions-hash":"bb3171b670da6e37575d39425c9565edde0c64b5"},"stateMessages":[{"severity":"ERROR","type":"CloudRunServiceNotFound","message":"Cloud Run service projects/hotel-booking-app-e61c6/locations/us-central1/services/hotelofferssearch for the function was not found. The function will not work correctly. Please redeploy."}],"environment":"GEN_2","url":"https://us-central1-hotel-booking-app-e61c6.cloudfunctions.net/hotelOffersSearch"},"stages":[{"name":"BUILD","message":"Build in progress","state":"IN_PROGRESS","resource":"projects/546787576989/locations/us-central1/builds/763aabe0-396a-4e80-9201-d141b2c1a38d","resourceUri":"https://console.cloud.google.com/cloud-build/builds;region=us-central1/763aabe0-396a-4e80-9201-d141b2c1a38d?project=546787576989"},{"name":"SERVICE","state":"NOT_STARTED"}],"operationType":"UPDATE_FUNCTION"},"done":false}
[debug] [2024-01-25T23:43:18.981Z] [update-default-us-central1-hotelOffersSearch] Retrying task index 0
[debug] [2024-01-25T23:43:18.982Z] >>> [apiv2][query] GET https://cloudfunctions.googleapis.com/v2/projects/hotel-booking-app-e61c6/locations/us-central1/operations/operation-1706226179869-60fcdbd5b8aac-8e01590a-e8d297f7 [none]
[debug] [2024-01-25T23:43:19.470Z] <<< [apiv2][status] GET https://cloudfunctions.googleapis.com/v2/projects/hotel-booking-app-e61c6/locations/us-central1/operations/operation-1706226179869-60fcdbd5b8aac-8e01590a-e8d297f7 200
[debug] [2024-01-25T23:43:19.470Z] <<< [apiv2][body] GET https://cloudfunctions.googleapis.com/v2/projects/hotel-booking-app-e61c6/locations/us-central1/operations/operation-1706226179869-60fcdbd5b8aac-8e01590a-e8d297f7 {"name":"projects/hotel-booking-app-e61c6/locations/us-central1/operations/operation-1706226179869-60fcdbd5b8aac-8e01590a-e8d297f7","metadata":{"@type":"type.googleapis.com/google.cloud.functions.v2.OperationMetadata","createTime":"2024-01-25T23:43:00.763221079Z","target":"projects/hotel-booking-app-e61c6/locations/us-central1/functions/hotelOffersSearch","verb":"update","cancelRequested":false,"apiVersion":"v2","requestResource":{"@type":"type.googleapis.com/google.cloud.functions.v2.Function","name":"projects/hotel-booking-app-e61c6/locations/us-central1/functions/hotelOffersSearch","buildConfig":{"runtime":"nodejs18","entryPoint":"hotelOffersSearch","source":{"storageSource":{"bucket":"gcf-v2-sources-546787576989-us-central1","object":"hotelOffersSearch/function-source.zip","generation":"1706226180705882"}},"environmentVariables":{"GOOGLE_NODE_RUN_SCRIPTS":""},"dockerRepository":"projects/hotel-booking-app-e61c6/locations/us-central1/repositories/gcf-artifacts","sourceProvenance":{"resolvedStorageSource":{"bucket":"gcf-v2-sources-546787576989-us-central1","object":"hotelOffersSearch/function-source.zip","generation":"1706221412091473"}},"dockerRegistry":"ARTIFACT_REGISTRY"},"serviceConfig":{"service":"projects/hotel-booking-app-e61c6/locations/us-central1/services/hotelofferssearch","timeoutSeconds":60,"environmentVariables":{"AMADEUS_CLIENT_ID":"8MEG3LPspvqB3GoiWYfEibC4N4nZoBOD","AMADEUS_CLIENT_SECRET":"o1bK1JjBi39gIFDW","AMADEUS_ACCESS_TOKEN":"NiLiVSc6mCjvU16elA2fbtoMCZ7H","FIREBASE_CONFIG":"{\"projectId\":\"hotel-booking-app-e61c6\",\"storageBucket\":\"hotel-booking-app-e61c6.appspot.com\"}","GCLOUD_PROJECT":"hotel-booking-app-e61c6","EVENTARC_CLOUD_EVENT_SOURCE":"projects/hotel-booking-app-e61c6/locations/us-central1/services/hotelOffersSearch","FUNCTION_TARGET":"hotelOffersSearch"},"maxInstanceCount":10,"ingressSettings":"ALLOW_ALL","serviceAccountEmail":"546787576989-compute@developer.gserviceaccount.com","availableMemory":"256Mi","maxInstanceRequestConcurrency":80,"availableCpu":"1"},"state":"FAILED","labels":{"firebase-functions-hash":"bb3171b670da6e37575d39425c9565edde0c64b5"},"stateMessages":[{"severity":"ERROR","type":"CloudRunServiceNotFound","message":"Cloud Run service projects/hotel-booking-app-e61c6/locations/us-central1/services/hotelofferssearch for the function was not found. The function will not work correctly. Please redeploy."}],"environment":"GEN_2","url":"https://us-central1-hotel-booking-app-e61c6.cloudfunctions.net/hotelOffersSearch"},"stages":[{"name":"BUILD","message":"Build in progress","state":"IN_PROGRESS","resource":"projects/546787576989/locations/us-central1/builds/763aabe0-396a-4e80-9201-d141b2c1a38d","resourceUri":"https://console.cloud.google.com/cloud-build/builds;region=us-central1/763aabe0-396a-4e80-9201-d141b2c1a38d?project=546787576989"},{"name":"SERVICE","state":"NOT_STARTED"}],"operationType":"UPDATE_FUNCTION"},"done":false}
[debug] [2024-01-25T23:43:29.477Z] [update-default-us-central1-hotelOffersSearch] Retrying task index 0
[debug] [2024-01-25T23:43:29.478Z] >>> [apiv2][query] GET https://cloudfunctions.googleapis.com/v2/projects/hotel-booking-app-e61c6/locations/us-central1/operations/operation-1706226179869-60fcdbd5b8aac-8e01590a-e8d297f7 [none]
[debug] [2024-01-25T23:43:30.237Z] <<< [apiv2][status] GET https://cloudfunctions.googleapis.com/v2/projects/hotel-booking-app-e61c6/locations/us-central1/operations/operation-1706226179869-60fcdbd5b8aac-8e01590a-e8d297f7 200
[debug] [2024-01-25T23:43:30.237Z] <<< [apiv2][body] GET https://cloudfunctions.googleapis.com/v2/projects/hotel-booking-app-e61c6/locations/us-central1/operations/operation-1706226179869-60fcdbd5b8aac-8e01590a-e8d297f7 {"name":"projects/hotel-booking-app-e61c6/locations/us-central1/operations/operation-1706226179869-60fcdbd5b8aac-8e01590a-e8d297f7","metadata":{"@type":"type.googleapis.com/google.cloud.functions.v2.OperationMetadata","createTime":"2024-01-25T23:43:00.763221079Z","target":"projects/hotel-booking-app-e61c6/locations/us-central1/functions/hotelOffersSearch","verb":"update","cancelRequested":false,"apiVersion":"v2","requestResource":{"@type":"type.googleapis.com/google.cloud.functions.v2.Function","name":"projects/hotel-booking-app-e61c6/locations/us-central1/functions/hotelOffersSearch","buildConfig":{"runtime":"nodejs18","entryPoint":"hotelOffersSearch","source":{"storageSource":{"bucket":"gcf-v2-sources-546787576989-us-central1","object":"hotelOffersSearch/function-source.zip","generation":"1706226180705882"}},"environmentVariables":{"GOOGLE_NODE_RUN_SCRIPTS":""},"dockerRepository":"projects/hotel-booking-app-e61c6/locations/us-central1/repositories/gcf-artifacts","sourceProvenance":{"resolvedStorageSource":{"bucket":"gcf-v2-sources-546787576989-us-central1","object":"hotelOffersSearch/function-source.zip","generation":"1706221412091473"}},"dockerRegistry":"ARTIFACT_REGISTRY"},"serviceConfig":{"service":"projects/hotel-booking-app-e61c6/locations/us-central1/services/hotelofferssearch","timeoutSeconds":60,"environmentVariables":{"AMADEUS_CLIENT_ID":"8MEG3LPspvqB3GoiWYfEibC4N4nZoBOD","AMADEUS_CLIENT_SECRET":"o1bK1JjBi39gIFDW","AMADEUS_ACCESS_TOKEN":"NiLiVSc6mCjvU16elA2fbtoMCZ7H","FIREBASE_CONFIG":"{\"projectId\":\"hotel-booking-app-e61c6\",\"storageBucket\":\"hotel-booking-app-e61c6.appspot.com\"}","GCLOUD_PROJECT":"hotel-booking-app-e61c6","EVENTARC_CLOUD_EVENT_SOURCE":"projects/hotel-booking-app-e61c6/locations/us-central1/services/hotelOffersSearch","FUNCTION_TARGET":"hotelOffersSearch"},"maxInstanceCount":10,"ingressSettings":"ALLOW_ALL","serviceAccountEmail":"546787576989-compute@developer.gserviceaccount.com","availableMemory":"256Mi","maxInstanceRequestConcurrency":80,"availableCpu":"1"},"state":"FAILED","labels":{"firebase-functions-hash":"bb3171b670da6e37575d39425c9565edde0c64b5"},"stateMessages":[{"severity":"ERROR","type":"CloudRunServiceNotFound","message":"Cloud Run service projects/hotel-booking-app-e61c6/locations/us-central1/services/hotelofferssearch for the function was not found. The function will not work correctly. Please redeploy."}],"environment":"GEN_2","url":"https://us-central1-hotel-booking-app-e61c6.cloudfunctions.net/hotelOffersSearch"},"stages":[{"name":"BUILD","message":"Build in progress","state":"IN_PROGRESS","resource":"projects/546787576989/locations/us-central1/builds/763aabe0-396a-4e80-9201-d141b2c1a38d","resourceUri":"https://console.cloud.google.com/cloud-build/builds;region=us-central1/763aabe0-396a-4e80-9201-d141b2c1a38d?project=546787576989"},{"name":"SERVICE","state":"NOT_STARTED"}],"operationType":"UPDATE_FUNCTION"},"done":false}
[debug] [2024-01-25T23:43:40.237Z] [update-default-us-central1-hotelOffersSearch] Retrying task index 0
[debug] [2024-01-25T23:43:40.237Z] >>> [apiv2][query] GET https://cloudfunctions.googleapis.com/v2/projects/hotel-booking-app-e61c6/locations/us-central1/operations/operation-1706226179869-60fcdbd5b8aac-8e01590a-e8d297f7 [none]
[debug] [2024-01-25T23:43:40.974Z] <<< [apiv2][status] GET https://cloudfunctions.googleapis.com/v2/projects/hotel-booking-app-e61c6/locations/us-central1/operations/operation-1706226179869-60fcdbd5b8aac-8e01590a-e8d297f7 200
[debug] [2024-01-25T23:43:40.975Z] <<< [apiv2][body] GET https://cloudfunctions.googleapis.com/v2/projects/hotel-booking-app-e61c6/locations/us-central1/operations/operation-1706226179869-60fcdbd5b8aac-8e01590a-e8d297f7 {"name":"projects/hotel-booking-app-e61c6/locations/us-central1/operations/operation-1706226179869-60fcdbd5b8aac-8e01590a-e8d297f7","metadata":{"@type":"type.googleapis.com/google.cloud.functions.v2.OperationMetadata","createTime":"2024-01-25T23:43:00.763221079Z","target":"projects/hotel-booking-app-e61c6/locations/us-central1/functions/hotelOffersSearch","verb":"update","cancelRequested":false,"apiVersion":"v2","requestResource":{"@type":"type.googleapis.com/google.cloud.functions.v2.Function","name":"projects/hotel-booking-app-e61c6/locations/us-central1/functions/hotelOffersSearch","buildConfig":{"runtime":"nodejs18","entryPoint":"hotelOffersSearch","source":{"storageSource":{"bucket":"gcf-v2-sources-546787576989-us-central1","object":"hotelOffersSearch/function-source.zip","generation":"1706226180705882"}},"environmentVariables":{"GOOGLE_NODE_RUN_SCRIPTS":""},"dockerRepository":"projects/hotel-booking-app-e61c6/locations/us-central1/repositories/gcf-artifacts","sourceProvenance":{"resolvedStorageSource":{"bucket":"gcf-v2-sources-546787576989-us-central1","object":"hotelOffersSearch/function-source.zip","generation":"1706221412091473"}},"dockerRegistry":"ARTIFACT_REGISTRY"},"serviceConfig":{"service":"projects/hotel-booking-app-e61c6/locations/us-central1/services/hotelofferssearch","timeoutSeconds":60,"environmentVariables":{"AMADEUS_CLIENT_ID":"8MEG3LPspvqB3GoiWYfEibC4N4nZoBOD","AMADEUS_CLIENT_SECRET":"o1bK1JjBi39gIFDW","AMADEUS_ACCESS_TOKEN":"NiLiVSc6mCjvU16elA2fbtoMCZ7H","FIREBASE_CONFIG":"{\"projectId\":\"hotel-booking-app-e61c6\",\"storageBucket\":\"hotel-booking-app-e61c6.appspot.com\"}","GCLOUD_PROJECT":"hotel-booking-app-e61c6","EVENTARC_CLOUD_EVENT_SOURCE":"projects/hotel-booking-app-e61c6/locations/us-central1/services/hotelOffersSearch","FUNCTION_TARGET":"hotelOffersSearch"},"maxInstanceCount":10,"ingressSettings":"ALLOW_ALL","serviceAccountEmail":"546787576989-compute@developer.gserviceaccount.com","availableMemory":"256Mi","maxInstanceRequestConcurrency":80,"availableCpu":"1"},"state":"FAILED","labels":{"firebase-functions-hash":"bb3171b670da6e37575d39425c9565edde0c64b5"},"stateMessages":[{"severity":"ERROR","type":"CloudRunServiceNotFound","message":"Cloud Run service projects/hotel-booking-app-e61c6/locations/us-central1/services/hotelofferssearch for the function was not found. The function will not work correctly. Please redeploy."}],"environment":"GEN_2","url":"https://us-central1-hotel-booking-app-e61c6.cloudfunctions.net/hotelOffersSearch"},"stages":[{"name":"BUILD","message":"Build in progress","state":"IN_PROGRESS","resource":"projects/546787576989/locations/us-central1/builds/763aabe0-396a-4e80-9201-d141b2c1a38d","resourceUri":"https://console.cloud.google.com/cloud-build/builds;region=us-central1/763aabe0-396a-4e80-9201-d141b2c1a38d?project=546787576989"},{"name":"SERVICE","state":"NOT_STARTED"}],"operationType":"UPDATE_FUNCTION"},"done":false}
[debug] [2024-01-25T23:43:50.993Z] [update-default-us-central1-hotelOffersSearch] Retrying task index 0
[debug] [2024-01-25T23:43:50.993Z] >>> [apiv2][query] GET https://cloudfunctions.googleapis.com/v2/projects/hotel-booking-app-e61c6/locations/us-central1/operations/operation-1706226179869-60fcdbd5b8aac-8e01590a-e8d297f7 [none]
[debug] [2024-01-25T23:43:51.740Z] <<< [apiv2][status] GET https://cloudfunctions.googleapis.com/v2/projects/hotel-booking-app-e61c6/locations/us-central1/operations/operation-1706226179869-60fcdbd5b8aac-8e01590a-e8d297f7 200
[debug] [2024-01-25T23:43:51.741Z] <<< [apiv2][body] GET https://cloudfunctions.googleapis.com/v2/projects/hotel-booking-app-e61c6/locations/us-central1/operations/operation-1706226179869-60fcdbd5b8aac-8e01590a-e8d297f7 {"name":"projects/hotel-booking-app-e61c6/locations/us-central1/operations/operation-1706226179869-60fcdbd5b8aac-8e01590a-e8d297f7","metadata":{"@type":"type.googleapis.com/google.cloud.functions.v2.OperationMetadata","createTime":"2024-01-25T23:43:00.763221079Z","target":"projects/hotel-booking-app-e61c6/locations/us-central1/functions/hotelOffersSearch","verb":"update","cancelRequested":false,"apiVersion":"v2","requestResource":{"@type":"type.googleapis.com/google.cloud.functions.v2.Function","name":"projects/hotel-booking-app-e61c6/locations/us-central1/functions/hotelOffersSearch","buildConfig":{"runtime":"nodejs18","entryPoint":"hotelOffersSearch","source":{"storageSource":{"bucket":"gcf-v2-sources-546787576989-us-central1","object":"hotelOffersSearch/function-source.zip","generation":"1706226180705882"}},"environmentVariables":{"GOOGLE_NODE_RUN_SCRIPTS":""},"dockerRepository":"projects/hotel-booking-app-e61c6/locations/us-central1/repositories/gcf-artifacts","sourceProvenance":{"resolvedStorageSource":{"bucket":"gcf-v2-sources-546787576989-us-central1","object":"hotelOffersSearch/function-source.zip","generation":"1706221412091473"}},"dockerRegistry":"ARTIFACT_REGISTRY"},"serviceConfig":{"service":"projects/hotel-booking-app-e61c6/locations/us-central1/services/hotelofferssearch","timeoutSeconds":60,"environmentVariables":{"AMADEUS_CLIENT_ID":"8MEG3LPspvqB3GoiWYfEibC4N4nZoBOD","AMADEUS_CLIENT_SECRET":"o1bK1JjBi39gIFDW","AMADEUS_ACCESS_TOKEN":"NiLiVSc6mCjvU16elA2fbtoMCZ7H","FIREBASE_CONFIG":"{\"projectId\":\"hotel-booking-app-e61c6\",\"storageBucket\":\"hotel-booking-app-e61c6.appspot.com\"}","GCLOUD_PROJECT":"hotel-booking-app-e61c6","EVENTARC_CLOUD_EVENT_SOURCE":"projects/hotel-booking-app-e61c6/locations/us-central1/services/hotelOffersSearch","FUNCTION_TARGET":"hotelOffersSearch"},"maxInstanceCount":10,"ingressSettings":"ALLOW_ALL","serviceAccountEmail":"546787576989-compute@developer.gserviceaccount.com","availableMemory":"256Mi","maxInstanceRequestConcurrency":80,"availableCpu":"1"},"state":"FAILED","labels":{"firebase-functions-hash":"bb3171b670da6e37575d39425c9565edde0c64b5"},"stateMessages":[{"severity":"ERROR","type":"CloudRunServiceNotFound","message":"Cloud Run service projects/hotel-booking-app-e61c6/locations/us-central1/services/hotelofferssearch for the function was not found. The function will not work correctly. Please redeploy."}],"environment":"GEN_2","url":"https://us-central1-hotel-booking-app-e61c6.cloudfunctions.net/hotelOffersSearch"},"stages":[{"name":"BUILD","message":"Build in progress","state":"IN_PROGRESS","resource":"projects/546787576989/locations/us-central1/builds/763aabe0-396a-4e80-9201-d141b2c1a38d","resourceUri":"https://console.cloud.google.com/cloud-build/builds;region=us-central1/763aabe0-396a-4e80-9201-d141b2c1a38d?project=546787576989"},{"name":"SERVICE","state":"NOT_STARTED"}],"operationType":"UPDATE_FUNCTION"},"done":false}
[debug] [2024-01-25T23:44:01.745Z] [update-default-us-central1-hotelOffersSearch] Retrying task index 0
[debug] [2024-01-25T23:44:01.746Z] >>> [apiv2][query] GET https://cloudfunctions.googleapis.com/v2/projects/hotel-booking-app-e61c6/locations/us-central1/operations/operation-1706226179869-60fcdbd5b8aac-8e01590a-e8d297f7 [none]
[debug] [2024-01-25T23:44:02.590Z] <<< [apiv2][status] GET https://cloudfunctions.googleapis.com/v2/projects/hotel-booking-app-e61c6/locations/us-central1/operations/operation-1706226179869-60fcdbd5b8aac-8e01590a-e8d297f7 200
[debug] [2024-01-25T23:44:02.591Z] <<< [apiv2][body] GET https://cloudfunctions.googleapis.com/v2/projects/hotel-booking-app-e61c6/locations/us-central1/operations/operation-1706226179869-60fcdbd5b8aac-8e01590a-e8d297f7 {"name":"projects/hotel-booking-app-e61c6/locations/us-central1/operations/operation-1706226179869-60fcdbd5b8aac-8e01590a-e8d297f7","metadata":{"@type":"type.googleapis.com/google.cloud.functions.v2.OperationMetadata","createTime":"2024-01-25T23:43:00.763221079Z","endTime":"2024-01-25T23:44:01.086550496Z","target":"projects/hotel-booking-app-e61c6/locations/us-central1/functions/hotelOffersSearch","verb":"update","cancelRequested":false,"apiVersion":"v2","requestResource":{"@type":"type.googleapis.com/google.cloud.functions.v2.Function","name":"projects/hotel-booking-app-e61c6/locations/us-central1/functions/hotelOffersSearch","buildConfig":{"runtime":"nodejs18","entryPoint":"hotelOffersSearch","source":{"storageSource":{"bucket":"gcf-v2-sources-546787576989-us-central1","object":"hotelOffersSearch/function-source.zip","generation":"1706226180705882"}},"environmentVariables":{"GOOGLE_NODE_RUN_SCRIPTS":""},"dockerRepository":"projects/hotel-booking-app-e61c6/locations/us-central1/repositories/gcf-artifacts","sourceProvenance":{"resolvedStorageSource":{"bucket":"gcf-v2-sources-546787576989-us-central1","object":"hotelOffersSearch/function-source.zip","generation":"1706221412091473"}},"dockerRegistry":"ARTIFACT_REGISTRY"},"serviceConfig":{"service":"projects/hotel-booking-app-e61c6/locations/us-central1/services/hotelofferssearch","timeoutSeconds":60,"environmentVariables":{"AMADEUS_CLIENT_ID":"8MEG3LPspvqB3GoiWYfEibC4N4nZoBOD","AMADEUS_CLIENT_SECRET":"o1bK1JjBi39gIFDW","AMADEUS_ACCESS_TOKEN":"NiLiVSc6mCjvU16elA2fbtoMCZ7H","FIREBASE_CONFIG":"{\"projectId\":\"hotel-booking-app-e61c6\",\"storageBucket\":\"hotel-booking-app-e61c6.appspot.com\"}","GCLOUD_PROJECT":"hotel-booking-app-e61c6","EVENTARC_CLOUD_EVENT_SOURCE":"projects/hotel-booking-app-e61c6/locations/us-central1/services/hotelOffersSearch","FUNCTION_TARGET":"hotelOffersSearch"},"maxInstanceCount":10,"ingressSettings":"ALLOW_ALL","serviceAccountEmail":"546787576989-compute@developer.gserviceaccount.com","availableMemory":"256Mi","maxInstanceRequestConcurrency":80,"availableCpu":"1"},"state":"FAILED","labels":{"firebase-functions-hash":"bb3171b670da6e37575d39425c9565edde0c64b5"},"stateMessages":[{"severity":"ERROR","type":"CloudRunServiceNotFound","message":"Cloud Run service projects/hotel-booking-app-e61c6/locations/us-central1/services/hotelofferssearch for the function was not found. The function will not work correctly. Please redeploy."}],"environment":"GEN_2","url":"https://us-central1-hotel-booking-app-e61c6.cloudfunctions.net/hotelOffersSearch"},"stages":[{"name":"SERVICE","state":"NOT_STARTED"}],"operationType":"UPDATE_FUNCTION"},"done":true,"error":{"code":3,"message":"Could not create or update Cloud Run service hotelofferssearch, Container Healthcheck failed. Revision 'hotelofferssearch-00001-new' is not ready and cannot serve traffic. The user-provided container failed to start and listen on the port defined provided by the PORT=8080 environment variable. Logs for this revision might contain more information.\n\nLogs URL: https://console.cloud.google.com/logs/viewer?project=hotel-booking-app-e61c6&resource=cloud_run_revision/service_name/hotelofferssearch/revision_name/hotelofferssearch-00001-new&advancedFilter=resource.type%3D%22cloud_run_revision%22%0Aresource.labels.service_name%3D%22hotelofferssearch%22%0Aresource.labels.revision_name%3D%22hotelofferssearch-00001-new%22 \nFor more troubleshooting guidance, see https://cloud.google.com/run/docs/troubleshooting#container-failed-to-start"}}
[debug] [2024-01-25T23:44:02.591Z] Got source token undefined for region us-central1
[error] Could not create or update Cloud Run service hotelofferssearch, Container Healthcheck failed. Revision 'hotelofferssearch-00001-new' is not ready and cannot serve traffic. The user-provided container failed to start and listen on the port defined provided by the PORT=8080 environment variable. Logs for this revision might contain more information.

Logs URL: https://console.cloud.google.com/logs/viewer?project=hotel-booking-app-e61c6&resource=cloud_run_revision/service_name/hotelofferssearch/revision_name/hotelofferssearch-00001-new&advancedFilter=resource.type%3D%22cloud_run_revision%22%0Aresource.labels.service_name%3D%22hotelofferssearch%22%0Aresource.labels.revision_name%3D%22hotelofferssearch-00001-new%22 
For more troubleshooting guidance, see https://cloud.google.com/run/docs/troubleshooting#container-failed-to-start
[debug] [2024-01-25T23:44:02.602Z] Total Function Deployment time: 62876
[debug] [2024-01-25T23:44:02.602Z] 1 Functions Deployed
[debug] [2024-01-25T23:44:02.603Z] 1 Functions Errored
[debug] [2024-01-25T23:44:02.603Z] 0 Function Deployments Aborted
[debug] [2024-01-25T23:44:02.603Z] Average Function Deployment time: 62875
[info] 
[info] Functions deploy had errors with the following functions:
	hotelOffersSearch(us-central1)
[debug] [2024-01-25T23:44:02.649Z] Not printing URL for HTTPS function. Typically this means it didn't match a filter or we failed deployment
[info] i  functions: cleaning up build files... 
[debug] [2024-01-25T23:44:02.653Z] >>> [apiv2][query] DELETE https://artifactregistry.googleapis.com/v1beta2/projects/hotel-booking-app-e61c6/locations/us-central1/repositories/gcf-artifacts/packages/hotel_offers_search [none]
[debug] [2024-01-25T23:44:02.655Z] >>> [apiv2][query] GET https://us.gcr.io/v2/hotel-booking-app-e61c6/gcf/us-central1/tags/list [none]
[debug] [2024-01-25T23:44:02.886Z] <<< [apiv2][status] DELETE https://artifactregistry.googleapis.com/v1beta2/projects/hotel-booking-app-e61c6/locations/us-central1/repositories/gcf-artifacts/packages/hotel_offers_search 200
[debug] [2024-01-25T23:44:02.886Z] <<< [apiv2][body] DELETE https://artifactregistry.googleapis.com/v1beta2/projects/hotel-booking-app-e61c6/locations/us-central1/repositories/gcf-artifacts/packages/hotel_offers_search {"name":"projects/hotel-booking-app-e61c6/locations/us-central1/operations/1e4c1b43-bf3d-4f6f-9504-a6c9859c139f","metadata":{"@type":"type.googleapis.com/google.devtools.artifactregistry.v1beta2.OperationMetadata"}}
[debug] [2024-01-25T23:44:02.887Z] >>> [apiv2][query] GET https://artifactregistry.googleapis.com/v1beta2/projects/hotel-booking-app-e61c6/locations/us-central1/operations/1e4c1b43-bf3d-4f6f-9504-a6c9859c139f [none]
[debug] [2024-01-25T23:44:02.979Z] <<< [apiv2][status] GET https://us.gcr.io/v2/hotel-booking-app-e61c6/gcf/us-central1/tags/list 200
[debug] [2024-01-25T23:44:02.979Z] <<< [apiv2][body] GET https://us.gcr.io/v2/hotel-booking-app-e61c6/gcf/us-central1/tags/list {"child":[],"manifest":{},"name":"hotel-booking-app-e61c6/gcf/us-central1","tags":[]}
[debug] [2024-01-25T23:44:02.979Z] Could not find image for function projects/hotel-booking-app-e61c6/locations/us-central1/functions/hotelOffersSearch
[debug] [2024-01-25T23:44:03.352Z] <<< [apiv2][status] GET https://artifactregistry.googleapis.com/v1beta2/projects/hotel-booking-app-e61c6/locations/us-central1/operations/1e4c1b43-bf3d-4f6f-9504-a6c9859c139f 200
[debug] [2024-01-25T23:44:03.352Z] <<< [apiv2][body] GET https://artifactregistry.googleapis.com/v1beta2/projects/hotel-booking-app-e61c6/locations/us-central1/operations/1e4c1b43-bf3d-4f6f-9504-a6c9859c139f {"name":"projects/hotel-booking-app-e61c6/locations/us-central1/operations/1e4c1b43-bf3d-4f6f-9504-a6c9859c139f","metadata":{"@type":"type.googleapis.com/google.devtools.artifactregistry.v1beta2.OperationMetadata"},"done":true,"response":{"@type":"type.googleapis.com/google.protobuf.Empty"}}
[debug] [2024-01-25T23:44:03.352Z] Functions deploy failed.
[debug] [2024-01-25T23:44:03.353Z] {
  "endpoint": {
    "id": "hotelOffersSearch",
    "project": "hotel-booking-app-e61c6",
    "region": "us-central1",
    "entryPoint": "hotelOffersSearch",
    "platform": "gcfv2",
    "runtime": "nodejs18",
    "httpsTrigger": {},
    "labels": {
      "deployment-tool": "cli-firebase"
    },
    "ingressSettings": null,
    "availableMemoryMb": null,
    "serviceAccount": null,
    "timeoutSeconds": null,
    "maxInstances": 10,
    "minInstances": null,
    "concurrency": 80,
    "vpc": null,
    "environmentVariables": {
      "AMADEUS_CLIENT_ID": "8MEG3LPspvqB3GoiWYfEibC4N4nZoBOD",
      "AMADEUS_CLIENT_SECRET": "o1bK1JjBi39gIFDW",
      "AMADEUS_ACCESS_TOKEN": "NiLiVSc6mCjvU16elA2fbtoMCZ7H",
      "FIREBASE_CONFIG": "{\"projectId\":\"hotel-booking-app-e61c6\",\"storageBucket\":\"hotel-booking-app-e61c6.appspot.com\"}",
      "GCLOUD_PROJECT": "hotel-booking-app-e61c6",
      "EVENTARC_CLOUD_EVENT_SOURCE": "projects/hotel-booking-app-e61c6/locations/us-central1/services/hotelOffersSearch"
    },
    "codebase": "default",
    "securityLevel": "SECURE_ALWAYS",
    "cpu": 1,
    "targetedByOnly": false,
    "hash": "bb3171b670da6e37575d39425c9565edde0c64b5"
  },
  "op": "update",
  "original": {
    "name": "FirebaseError",
    "children": [],
    "exit": 1,
    "message": "Could not create or update Cloud Run service hotelofferssearch, Container Healthcheck failed. Revision 'hotelofferssearch-00001-new' is not ready and cannot serve traffic. The user-provided container failed to start and listen on the port defined provided by the PORT=8080 environment variable. Logs for this revision might contain more information.\n\nLogs URL: https://console.cloud.google.com/logs/viewer?project=hotel-booking-app-e61c6&resource=cloud_run_revision/service_name/hotelofferssearch/revision_name/hotelofferssearch-00001-new&advancedFilter=resource.type%3D%22cloud_run_revision%22%0Aresource.labels.service_name%3D%22hotelofferssearch%22%0Aresource.labels.revision_name%3D%22hotelofferssearch-00001-new%22 \nFor more troubleshooting guidance, see https://cloud.google.com/run/docs/troubleshooting#container-failed-to-start",
    "status": 3,
    "code": 3
  }
}
[debug] [2024-01-25T23:44:03.514Z] Error: Failed to update function hotelOffersSearch in region us-central1
    at C:\Users\yumig\AppData\Roaming\npm\node_modules\firebase-tools\lib\deploy\functions\release\fabricator.js:392:19
    at process.processTicksAndRejections (node:internal/process/task_queues:95:5)
    at async Fabricator.updateV2Function (C:\Users\yumig\AppData\Roaming\npm\node_modules\firebase-tools\lib\deploy\functions\release\fabricator.js:383:32)
    at async Fabricator.updateEndpoint (C:\Users\yumig\AppData\Roaming\npm\node_modules\firebase-tools\lib\deploy\functions\release\fabricator.js:154:13)
    at async handle (C:\Users\yumig\AppData\Roaming\npm\node_modules\firebase-tools\lib\deploy\functions\release\fabricator.js:88:17)
[error] 
[error] Error: There was an error deploying functions
